-- Found ament_cmake: 1.3.11 (/opt/ros/humble/share/ament_cmake/cmake)
-- Found geometry_msgs: 4.9.0 (/opt/ros/humble/share/geometry_msgs/cmake)
-- Found rosidl_generator_c: 3.1.6 (/opt/ros/humble/share/rosidl_generator_c/cmake)
-- Found rosidl_adapter: 3.1.6 (/opt/ros/humble/share/rosidl_adapter/cmake)
-- Found rosidl_generator_cpp: 3.1.6 (/opt/ros/humble/share/rosidl_generator_cpp/cmake)
-- Using all available rosidl_typesupport_c: rosidl_typesupport_fastrtps_c;rosidl_typesupport_introspection_c
-- Using all available rosidl_typesupport_cpp: rosidl_typesupport_fastrtps_cpp;rosidl_typesupport_introspection_cpp
-- Found rclcpp: 16.0.12 (/opt/ros/humble/share/rclcpp/cmake)
-- Found rmw_implementation_cmake: 6.1.2 (/opt/ros/humble/share/rmw_implementation_cmake/cmake)
-- Found rmw_fastrtps_cpp: 6.2.7 (/opt/ros/humble/share/rmw_fastrtps_cpp/cmake)
-- Using RMW implementation 'rmw_fastrtps_cpp' as default
-- Found tf2: 0.25.13 (/opt/ros/humble/share/tf2/cmake)
-- Found tf2_ros: 0.25.13 (/opt/ros/humble/share/tf2_ros/cmake)
-- Found turtlesim: 1.4.2 (/opt/ros/humble/share/turtlesim/cmake)
-- Found ament_lint_auto: 0.12.12 (/opt/ros/humble/share/ament_lint_auto/cmake)
-- Added test 'cppcheck' to perform static code analysis on C / C++ code
-- Configured cppcheck include dirs: 
-- Configured cppcheck exclude dirs and/or files: 
-- Added test 'flake8' to check Python code syntax and style conventions
-- Added test 'lint_cmake' to check CMake code style
-- Added test 'pep257' to check Python code against some of the docstring style conventions in PEP 257
-- Added test 'uncrustify' to check C / C++ code style
-- Configured uncrustify additional arguments: 
-- Added test 'xmllint' to check XML markup files
-- Configuring done
-- Generating done
-- Build files have been written to: /home/user/ws/ros2_ws/build/learning_tf2_cpp
[35m[1mConsolidate compiler generated dependencies of target robots_tfs[0m
[35m[1mConsolidate compiler generated dependencies of target turtle_tf2_broadcaster[0m
[35m[1mConsolidate compiler generated dependencies of target static_turtle_tf2_broadcaster[0m
[35m[1mConsolidate compiler generated dependencies of target robots_sim[0m
[ 25%] Built target robots_tfs
[ 50%] [32mBuilding CXX object CMakeFiles/robots_sim.dir/src/robots_sim.cpp.o[0m
[ 62%] Built target static_turtle_tf2_broadcaster
[ 87%] Built target turtle_tf2_broadcaster
[100%] [32m[1mLinking CXX executable robots_sim[0m
[100%] Built target robots_sim
-- Install configuration: ""
-- Up-to-date: /home/user/ws/ros2_ws/install/learning_tf2_cpp/lib/learning_tf2_cpp/static_turtle_tf2_broadcaster
-- Up-to-date: /home/user/ws/ros2_ws/install/learning_tf2_cpp/lib/learning_tf2_cpp/turtle_tf2_broadcaster
-- Up-to-date: /home/user/ws/ros2_ws/install/learning_tf2_cpp/lib/learning_tf2_cpp/robots_tfs
-- Installing: /home/user/ws/ros2_ws/install/learning_tf2_cpp/lib/learning_tf2_cpp/robots_sim
-- Set runtime path of "/home/user/ws/ros2_ws/install/learning_tf2_cpp/lib/learning_tf2_cpp/robots_sim" to ""
-- Up-to-date: /home/user/ws/ros2_ws/install/learning_tf2_cpp/share/learning_tf2_cpp/launch
-- Up-to-date: /home/user/ws/ros2_ws/install/learning_tf2_cpp/share/learning_tf2_cpp/launch/robot_tf.launch.py
-- Up-to-date: /home/user/ws/ros2_ws/install/learning_tf2_cpp/share/learning_tf2_cpp/launch/turtle_tf2_demo.launch.py
-- Installing: /home/user/ws/ros2_ws/install/learning_tf2_cpp/share/learning_tf2_cpp/launch/robot_tf_with_sim.launch.py
-- Up-to-date: /home/user/ws/ros2_ws/install/learning_tf2_cpp/share/learning_tf2_cpp/launch/sample.launch
-- Installing: /home/user/ws/ros2_ws/install/learning_tf2_cpp/share/learning_tf2_cpp/rviz
-- Installing: /home/user/ws/ros2_ws/install/learning_tf2_cpp/share/learning_tf2_cpp/rviz/robot_tf.rviz
-- Up-to-date: /home/user/ws/ros2_ws/install/learning_tf2_cpp/share/ament_index/resource_index/package_run_dependencies/learning_tf2_cpp
-- Installing: /home/user/ws/ros2_ws/install/learning_tf2_cpp/share/ament_index/resource_index/parent_prefix_path/learning_tf2_cpp
-- Up-to-date: /home/user/ws/ros2_ws/install/learning_tf2_cpp/share/learning_tf2_cpp/environment/ament_prefix_path.sh
-- Installing: /home/user/ws/ros2_ws/install/learning_tf2_cpp/share/learning_tf2_cpp/environment/ament_prefix_path.dsv
-- Up-to-date: /home/user/ws/ros2_ws/install/learning_tf2_cpp/share/learning_tf2_cpp/environment/path.sh
-- Installing: /home/user/ws/ros2_ws/install/learning_tf2_cpp/share/learning_tf2_cpp/environment/path.dsv
-- Up-to-date: /home/user/ws/ros2_ws/install/learning_tf2_cpp/share/learning_tf2_cpp/local_setup.bash
-- Up-to-date: /home/user/ws/ros2_ws/install/learning_tf2_cpp/share/learning_tf2_cpp/local_setup.sh
-- Up-to-date: /home/user/ws/ros2_ws/install/learning_tf2_cpp/share/learning_tf2_cpp/local_setup.zsh
-- Installing: /home/user/ws/ros2_ws/install/learning_tf2_cpp/share/learning_tf2_cpp/local_setup.dsv
-- Installing: /home/user/ws/ros2_ws/install/learning_tf2_cpp/share/learning_tf2_cpp/package.dsv
-- Up-to-date: /home/user/ws/ros2_ws/install/learning_tf2_cpp/share/ament_index/resource_index/packages/learning_tf2_cpp
-- Up-to-date: /home/user/ws/ros2_ws/install/learning_tf2_cpp/share/learning_tf2_cpp/cmake/learning_tf2_cppConfig.cmake
-- Up-to-date: /home/user/ws/ros2_ws/install/learning_tf2_cpp/share/learning_tf2_cpp/cmake/learning_tf2_cppConfig-version.cmake
-- Up-to-date: /home/user/ws/ros2_ws/install/learning_tf2_cpp/share/learning_tf2_cpp/package.xml
