[0.008s] Invoking command in '/home/user/ws/ros2_ws/build/learning_tf2_cpp': CMAKE_PREFIX_PATH=${CMAKE_PREFIX_PATH}:/opt/ros/humble /usr/bin/cmake --build /home/user/ws/ros2_ws/build/learning_tf2_cpp -- -j20 -l20
[0.043s] [35m[1mConsolidate compiler generated dependencies of target robots_sim[0m
[0.052s] [ 25%] Built target robots_tfs
[0.052s] [ 50%] Built target turtle_tf2_broadcaster
[0.052s] [ 75%] Built target static_turtle_tf2_broadcaster
[0.053s] [100%] Built target robots_sim
[0.062s] Invoked command in '/home/user/ws/ros2_ws/build/learning_tf2_cpp' returned '0': CMAKE_PREFIX_PATH=${CMAKE_PREFIX_PATH}:/opt/ros/humble /usr/bin/cmake --build /home/user/ws/ros2_ws/build/learning_tf2_cpp -- -j20 -l20
[0.069s] Invoking command in '/home/user/ws/ros2_ws/build/learning_tf2_cpp': CMAKE_PREFIX_PATH=${CMAKE_PREFIX_PATH}:/opt/ros/humble /usr/bin/cmake --install /home/user/ws/ros2_ws/build/learning_tf2_cpp
[0.073s] -- Install configuration: ""
[0.073s] -- Up-to-date: /home/user/ws/ros2_ws/install/learning_tf2_cpp/lib/learning_tf2_cpp/static_turtle_tf2_broadcaster
[0.074s] -- Up-to-date: /home/user/ws/ros2_ws/install/learning_tf2_cpp/lib/learning_tf2_cpp/turtle_tf2_broadcaster
[0.074s] -- Up-to-date: /home/user/ws/ros2_ws/install/learning_tf2_cpp/lib/learning_tf2_cpp/robots_tfs
[0.074s] -- Up-to-date: /home/user/ws/ros2_ws/install/learning_tf2_cpp/lib/learning_tf2_cpp/robots_sim
[0.074s] -- Up-to-date: /home/user/ws/ros2_ws/install/learning_tf2_cpp/share/learning_tf2_cpp/launch
[0.074s] -- Up-to-date: /home/user/ws/ros2_ws/install/learning_tf2_cpp/share/learning_tf2_cpp/launch/robot_tf.launch.py
[0.074s] -- Up-to-date: /home/user/ws/ros2_ws/install/learning_tf2_cpp/share/learning_tf2_cpp/launch/turtle_tf2_demo.launch.py
[0.074s] -- Installing: /home/user/ws/ros2_ws/install/learning_tf2_cpp/share/learning_tf2_cpp/launch/robot_tf_with_sim.launch.py
[0.074s] -- Up-to-date: /home/user/ws/ros2_ws/install/learning_tf2_cpp/share/learning_tf2_cpp/launch/sample.launch
[0.074s] -- Up-to-date: /home/user/ws/ros2_ws/install/learning_tf2_cpp/share/learning_tf2_cpp/rviz
[0.074s] -- Up-to-date: /home/user/ws/ros2_ws/install/learning_tf2_cpp/share/learning_tf2_cpp/rviz/robot_tf.rviz
[0.074s] -- Up-to-date: /home/user/ws/ros2_ws/install/learning_tf2_cpp/share/ament_index/resource_index/package_run_dependencies/learning_tf2_cpp
[0.074s] -- Up-to-date: /home/user/ws/ros2_ws/install/learning_tf2_cpp/share/ament_index/resource_index/parent_prefix_path/learning_tf2_cpp
[0.074s] -- Up-to-date: /home/user/ws/ros2_ws/install/learning_tf2_cpp/share/learning_tf2_cpp/environment/ament_prefix_path.sh
[0.075s] -- Up-to-date: /home/user/ws/ros2_ws/install/learning_tf2_cpp/share/learning_tf2_cpp/environment/ament_prefix_path.dsv
[0.075s] -- Up-to-date: /home/user/ws/ros2_ws/install/learning_tf2_cpp/share/learning_tf2_cpp/environment/path.sh
[0.075s] -- Up-to-date: /home/user/ws/ros2_ws/install/learning_tf2_cpp/share/learning_tf2_cpp/environment/path.dsv
[0.075s] -- Up-to-date: /home/user/ws/ros2_ws/install/learning_tf2_cpp/share/learning_tf2_cpp/local_setup.bash
[0.075s] -- Up-to-date: /home/user/ws/ros2_ws/install/learning_tf2_cpp/share/learning_tf2_cpp/local_setup.sh
[0.075s] -- Up-to-date: /home/user/ws/ros2_ws/install/learning_tf2_cpp/share/learning_tf2_cpp/local_setup.zsh
[0.075s] -- Up-to-date: /home/user/ws/ros2_ws/install/learning_tf2_cpp/share/learning_tf2_cpp/local_setup.dsv
[0.075s] -- Installing: /home/user/ws/ros2_ws/install/learning_tf2_cpp/share/learning_tf2_cpp/package.dsv
[0.075s] -- Up-to-date: /home/user/ws/ros2_ws/install/learning_tf2_cpp/share/ament_index/resource_index/packages/learning_tf2_cpp
[0.075s] -- Up-to-date: /home/user/ws/ros2_ws/install/learning_tf2_cpp/share/learning_tf2_cpp/cmake/learning_tf2_cppConfig.cmake
[0.075s] -- Up-to-date: /home/user/ws/ros2_ws/install/learning_tf2_cpp/share/learning_tf2_cpp/cmake/learning_tf2_cppConfig-version.cmake
[0.075s] -- Up-to-date: /home/user/ws/ros2_ws/install/learning_tf2_cpp/share/learning_tf2_cpp/package.xml
[0.076s] Invoked command in '/home/user/ws/ros2_ws/build/learning_tf2_cpp' returned '0': CMAKE_PREFIX_PATH=${CMAKE_PREFIX_PATH}:/opt/ros/humble /usr/bin/cmake --install /home/user/ws/ros2_ws/build/learning_tf2_cpp
