[0.008s] Invoking command in '/home/user/ws/ros2_ws/build/learning_tf2_cpp': CMAKE_PREFIX_PATH=/opt/ros/humble /usr/bin/cmake /home/user/ws/ros2_ws/src/learning_tf2_cpp -DCMAKE_INSTALL_PREFIX=/home/user/ws/ros2_ws/install/learning_tf2_cpp
[0.143s] -- The C compiler identification is GNU 11.4.0
[0.226s] -- The CXX compiler identification is GNU 11.4.0
[0.236s] -- Detecting C compiler ABI info
[0.305s] -- Detecting C compiler ABI info - done
[0.309s] -- Check for working C compiler: /usr/bin/cc - skipped
[0.309s] -- Detecting C compile features
[0.310s] -- Detecting C compile features - done
[0.312s] -- Detecting CXX compiler ABI info
[0.379s] -- Detecting CXX compiler ABI info - done
[0.384s] -- Check for working CXX compiler: /usr/bin/c++ - skipped
[0.384s] -- Detecting CXX compile features
[0.384s] -- Detecting CXX compile features - done
[0.391s] -- Found ament_cmake: 1.3.11 (/opt/ros/humble/share/ament_cmake/cmake)
[0.499s] -- Found Python3: /usr/bin/python3 (found version "3.10.12") found components: Interpreter 
[0.576s] -- Found geometry_msgs: 4.9.0 (/opt/ros/humble/share/geometry_msgs/cmake)
[0.627s] -- Found rosidl_generator_c: 3.1.6 (/opt/ros/humble/share/rosidl_generator_c/cmake)
[0.633s] -- Found rosidl_adapter: 3.1.6 (/opt/ros/humble/share/rosidl_adapter/cmake)
[0.640s] -- Found rosidl_generator_cpp: 3.1.6 (/opt/ros/humble/share/rosidl_generator_cpp/cmake)
[0.651s] -- Using all available rosidl_typesupport_c: rosidl_typesupport_fastrtps_c;rosidl_typesupport_introspection_c
[0.664s] -- Using all available rosidl_typesupport_cpp: rosidl_typesupport_fastrtps_cpp;rosidl_typesupport_introspection_cpp
[0.693s] -- Found rclcpp: 16.0.12 (/opt/ros/humble/share/rclcpp/cmake)
[0.725s] -- Found rmw_implementation_cmake: 6.1.2 (/opt/ros/humble/share/rmw_implementation_cmake/cmake)
[0.727s] -- Found rmw_fastrtps_cpp: 6.2.7 (/opt/ros/humble/share/rmw_fastrtps_cpp/cmake)
[0.817s] -- Found OpenSSL: /usr/lib/x86_64-linux-gnu/libcrypto.so (found version "3.0.2")  
[0.846s] -- Found FastRTPS: /opt/ros/humble/include  
[0.876s] -- Using RMW implementation 'rmw_fastrtps_cpp' as default
[0.884s] -- Looking for pthread.h
[0.946s] -- Looking for pthread.h - found
[0.946s] -- Performing Test CMAKE_HAVE_LIBC_PTHREAD
[1.021s] -- Performing Test CMAKE_HAVE_LIBC_PTHREAD - Success
[1.022s] -- Found Threads: TRUE  
[1.059s] -- Found tf2: 0.25.13 (/opt/ros/humble/share/tf2/cmake)
[1.068s] -- Found tf2_ros: 0.25.13 (/opt/ros/humble/share/tf2_ros/cmake)
[1.134s] -- Found turtlesim: 1.4.2 (/opt/ros/humble/share/turtlesim/cmake)
[1.146s] -- Found ament_lint_auto: 0.12.12 (/opt/ros/humble/share/ament_lint_auto/cmake)
[1.201s] -- Added test 'cppcheck' to perform static code analysis on C / C++ code
[1.202s] -- Configured cppcheck include dirs: 
[1.202s] -- Configured cppcheck exclude dirs and/or files: 
[1.202s] -- Added test 'lint_cmake' to check CMake code style
[1.203s] -- Added test 'uncrustify' to check C / C++ code style
[1.204s] -- Configured uncrustify additional arguments: 
[1.204s] -- Added test 'xmllint' to check XML markup files
[1.205s] -- Configuring done
[1.215s] -- Generating done
[1.219s] -- Build files have been written to: /home/user/ws/ros2_ws/build/learning_tf2_cpp
[1.226s] Invoked command in '/home/user/ws/ros2_ws/build/learning_tf2_cpp' returned '0': CMAKE_PREFIX_PATH=/opt/ros/humble /usr/bin/cmake /home/user/ws/ros2_ws/src/learning_tf2_cpp -DCMAKE_INSTALL_PREFIX=/home/user/ws/ros2_ws/install/learning_tf2_cpp
[1.228s] Invoking command in '/home/user/ws/ros2_ws/build/learning_tf2_cpp': CMAKE_PREFIX_PATH=/opt/ros/humble /usr/bin/cmake --build /home/user/ws/ros2_ws/build/learning_tf2_cpp -- -j20 -l20
[1.275s] [ 50%] [32mBuilding CXX object CMakeFiles/static_turtle_tf2_broadcaster.dir/src/static_turtle_tf2_broadcaster.cpp.o[0m
[3.804s] [100%] [32m[1mLinking CXX executable static_turtle_tf2_broadcaster[0m
[4.023s] [100%] Built target static_turtle_tf2_broadcaster
[4.034s] Invoked command in '/home/user/ws/ros2_ws/build/learning_tf2_cpp' returned '0': CMAKE_PREFIX_PATH=/opt/ros/humble /usr/bin/cmake --build /home/user/ws/ros2_ws/build/learning_tf2_cpp -- -j20 -l20
[4.042s] Invoking command in '/home/user/ws/ros2_ws/build/learning_tf2_cpp': CMAKE_PREFIX_PATH=/opt/ros/humble /usr/bin/cmake --install /home/user/ws/ros2_ws/build/learning_tf2_cpp
[4.047s] -- Install configuration: ""
[4.047s] -- Installing: /home/user/ws/ros2_ws/install/learning_tf2_cpp/lib/learning_tf2_cpp/static_turtle_tf2_broadcaster
[4.048s] -- Set runtime path of "/home/user/ws/ros2_ws/install/learning_tf2_cpp/lib/learning_tf2_cpp/static_turtle_tf2_broadcaster" to ""
[4.048s] -- Installing: /home/user/ws/ros2_ws/install/learning_tf2_cpp/share/ament_index/resource_index/package_run_dependencies/learning_tf2_cpp
[4.048s] -- Installing: /home/user/ws/ros2_ws/install/learning_tf2_cpp/share/ament_index/resource_index/parent_prefix_path/learning_tf2_cpp
[4.048s] -- Installing: /home/user/ws/ros2_ws/install/learning_tf2_cpp/share/learning_tf2_cpp/environment/ament_prefix_path.sh
[4.048s] -- Installing: /home/user/ws/ros2_ws/install/learning_tf2_cpp/share/learning_tf2_cpp/environment/ament_prefix_path.dsv
[4.048s] -- Installing: /home/user/ws/ros2_ws/install/learning_tf2_cpp/share/learning_tf2_cpp/environment/path.sh
[4.048s] -- Installing: /home/user/ws/ros2_ws/install/learning_tf2_cpp/share/learning_tf2_cpp/environment/path.dsv
[4.048s] -- Installing: /home/user/ws/ros2_ws/install/learning_tf2_cpp/share/learning_tf2_cpp/local_setup.bash
[4.048s] -- Installing: /home/user/ws/ros2_ws/install/learning_tf2_cpp/share/learning_tf2_cpp/local_setup.sh
[4.048s] -- Installing: /home/user/ws/ros2_ws/install/learning_tf2_cpp/share/learning_tf2_cpp/local_setup.zsh
[4.048s] -- Installing: /home/user/ws/ros2_ws/install/learning_tf2_cpp/share/learning_tf2_cpp/local_setup.dsv
[4.048s] -- Installing: /home/user/ws/ros2_ws/install/learning_tf2_cpp/share/learning_tf2_cpp/package.dsv
[4.048s] -- Installing: /home/user/ws/ros2_ws/install/learning_tf2_cpp/share/ament_index/resource_index/packages/learning_tf2_cpp
[4.048s] -- Installing: /home/user/ws/ros2_ws/install/learning_tf2_cpp/share/learning_tf2_cpp/cmake/learning_tf2_cppConfig.cmake
[4.049s] -- Installing: /home/user/ws/ros2_ws/install/learning_tf2_cpp/share/learning_tf2_cpp/cmake/learning_tf2_cppConfig-version.cmake
[4.049s] -- Installing: /home/user/ws/ros2_ws/install/learning_tf2_cpp/share/learning_tf2_cpp/package.xml
[4.050s] Invoked command in '/home/user/ws/ros2_ws/build/learning_tf2_cpp' returned '0': CMAKE_PREFIX_PATH=/opt/ros/humble /usr/bin/cmake --install /home/user/ws/ros2_ws/build/learning_tf2_cpp
