[0.007s] Invoking command in '/home/user/ws/ros2_ws/build/learning_tf2_cpp': CMAKE_PREFIX_PATH=${CMAKE_PREFIX_PATH}:/opt/ros/humble /usr/bin/cmake --build /home/user/ws/ros2_ws/build/learning_tf2_cpp -- -j20 -l20
[0.027s] -- Found ament_cmake: 1.3.11 (/opt/ros/humble/share/ament_cmake/cmake)
[0.104s] -- Found geometry_msgs: 4.9.0 (/opt/ros/humble/share/geometry_msgs/cmake)
[0.119s] -- Found rosidl_generator_c: 3.1.6 (/opt/ros/humble/share/rosidl_generator_c/cmake)
[0.120s] -- Found rosidl_adapter: 3.1.6 (/opt/ros/humble/share/rosidl_adapter/cmake)
[0.124s] -- Found rosidl_generator_cpp: 3.1.6 (/opt/ros/humble/share/rosidl_generator_cpp/cmake)
[0.129s] -- Using all available rosidl_typesupport_c: rosidl_typesupport_fastrtps_c;rosidl_typesupport_introspection_c
[0.136s] -- Using all available rosidl_typesupport_cpp: rosidl_typesupport_fastrtps_cpp;rosidl_typesupport_introspection_cpp
[0.154s] -- Found rclcpp: 16.0.12 (/opt/ros/humble/share/rclcpp/cmake)
[0.168s] -- Found rmw_implementation_cmake: 6.1.2 (/opt/ros/humble/share/rmw_implementation_cmake/cmake)
[0.169s] -- Found rmw_fastrtps_cpp: 6.2.7 (/opt/ros/humble/share/rmw_fastrtps_cpp/cmake)
[0.240s] -- Using RMW implementation 'rmw_fastrtps_cpp' as default
[0.261s] -- Found tf2: 0.25.13 (/opt/ros/humble/share/tf2/cmake)
[0.264s] -- Found tf2_ros: 0.25.13 (/opt/ros/humble/share/tf2_ros/cmake)
[0.305s] -- Found turtlesim: 1.4.2 (/opt/ros/humble/share/turtlesim/cmake)
[0.314s] -- Found ament_lint_auto: 0.12.12 (/opt/ros/humble/share/ament_lint_auto/cmake)
[0.360s] -- Added test 'cppcheck' to perform static code analysis on C / C++ code
[0.360s] -- Configured cppcheck include dirs: 
[0.360s] -- Configured cppcheck exclude dirs and/or files: 
[0.360s] -- Added test 'flake8' to check Python code syntax and style conventions
[0.360s] -- Added test 'lint_cmake' to check CMake code style
[0.360s] -- Added test 'pep257' to check Python code against some of the docstring style conventions in PEP 257
[0.361s] -- Added test 'uncrustify' to check C / C++ code style
[0.361s] -- Configured uncrustify additional arguments: 
[0.361s] -- Added test 'xmllint' to check XML markup files
[0.361s] -- Configuring done
[0.370s] -- Generating done
[0.373s] -- Build files have been written to: /home/user/ws/ros2_ws/build/learning_tf2_cpp
[0.392s] [35m[1mConsolidate compiler generated dependencies of target static_turtle_tf2_broadcaster[0m
[0.398s] [ 25%] [32mBuilding CXX object CMakeFiles/turtle_tf2_broadcaster.dir/src/turtle_tf2_broadcaster.cpp.o[0m
[0.402s] [ 75%] Built target static_turtle_tf2_broadcaster
[4.892s] [100%] [32m[1mLinking CXX executable turtle_tf2_broadcaster[0m
[5.169s] [100%] Built target turtle_tf2_broadcaster
[5.176s] Invoked command in '/home/user/ws/ros2_ws/build/learning_tf2_cpp' returned '0': CMAKE_PREFIX_PATH=${CMAKE_PREFIX_PATH}:/opt/ros/humble /usr/bin/cmake --build /home/user/ws/ros2_ws/build/learning_tf2_cpp -- -j20 -l20
[5.184s] Invoking command in '/home/user/ws/ros2_ws/build/learning_tf2_cpp': CMAKE_PREFIX_PATH=${CMAKE_PREFIX_PATH}:/opt/ros/humble /usr/bin/cmake --install /home/user/ws/ros2_ws/build/learning_tf2_cpp
[5.189s] -- Install configuration: ""
[5.189s] -- Up-to-date: /home/user/ws/ros2_ws/install/learning_tf2_cpp/lib/learning_tf2_cpp/static_turtle_tf2_broadcaster
[5.189s] -- Installing: /home/user/ws/ros2_ws/install/learning_tf2_cpp/lib/learning_tf2_cpp/turtle_tf2_broadcaster
[5.191s] -- Set runtime path of "/home/user/ws/ros2_ws/install/learning_tf2_cpp/lib/learning_tf2_cpp/turtle_tf2_broadcaster" to ""
[5.191s] -- Up-to-date: /home/user/ws/ros2_ws/install/learning_tf2_cpp/share/ament_index/resource_index/package_run_dependencies/learning_tf2_cpp
[5.191s] -- Installing: /home/user/ws/ros2_ws/install/learning_tf2_cpp/share/ament_index/resource_index/parent_prefix_path/learning_tf2_cpp
[5.191s] -- Up-to-date: /home/user/ws/ros2_ws/install/learning_tf2_cpp/share/learning_tf2_cpp/environment/ament_prefix_path.sh
[5.191s] -- Installing: /home/user/ws/ros2_ws/install/learning_tf2_cpp/share/learning_tf2_cpp/environment/ament_prefix_path.dsv
[5.191s] -- Up-to-date: /home/user/ws/ros2_ws/install/learning_tf2_cpp/share/learning_tf2_cpp/environment/path.sh
[5.191s] -- Installing: /home/user/ws/ros2_ws/install/learning_tf2_cpp/share/learning_tf2_cpp/environment/path.dsv
[5.191s] -- Up-to-date: /home/user/ws/ros2_ws/install/learning_tf2_cpp/share/learning_tf2_cpp/local_setup.bash
[5.191s] -- Up-to-date: /home/user/ws/ros2_ws/install/learning_tf2_cpp/share/learning_tf2_cpp/local_setup.sh
[5.191s] -- Up-to-date: /home/user/ws/ros2_ws/install/learning_tf2_cpp/share/learning_tf2_cpp/local_setup.zsh
[5.191s] -- Installing: /home/user/ws/ros2_ws/install/learning_tf2_cpp/share/learning_tf2_cpp/local_setup.dsv
[5.191s] -- Installing: /home/user/ws/ros2_ws/install/learning_tf2_cpp/share/learning_tf2_cpp/package.dsv
[5.191s] -- Up-to-date: /home/user/ws/ros2_ws/install/learning_tf2_cpp/share/ament_index/resource_index/packages/learning_tf2_cpp
[5.191s] -- Up-to-date: /home/user/ws/ros2_ws/install/learning_tf2_cpp/share/learning_tf2_cpp/cmake/learning_tf2_cppConfig.cmake
[5.191s] -- Up-to-date: /home/user/ws/ros2_ws/install/learning_tf2_cpp/share/learning_tf2_cpp/cmake/learning_tf2_cppConfig-version.cmake
[5.191s] -- Up-to-date: /home/user/ws/ros2_ws/install/learning_tf2_cpp/share/learning_tf2_cpp/package.xml
[5.193s] Invoked command in '/home/user/ws/ros2_ws/build/learning_tf2_cpp' returned '0': CMAKE_PREFIX_PATH=${CMAKE_PREFIX_PATH}:/opt/ros/humble /usr/bin/cmake --install /home/user/ws/ros2_ws/build/learning_tf2_cpp
